<?xml version="1.0" encoding="UTF-8"?>
<!-- Generated by org.testng.reporters.JUnitReportReporter -->
<testsuite skipped="0" hostname="DESKTOP-8PDR25K" name="TestScript_GoodRead" tests="1" failures="0" timestamp="2023-08-01T11:08:50 IST" time="3.441" errors="0">
  <testcase name="tc001" time="3.441" classname="TestScript_GoodRead"/>
  <system-out/>
</testsuite> <!-- TestScript_GoodRead -->
