<?xml version="1.0" encoding="UTF-8"?>
<!-- Generated by org.testng.reporters.JUnitReportReporter -->
<testsuite skipped="0" hostname="DESKTOP-8PDR25K" name="TestScript.TestScript_01" tests="1" failures="0" timestamp="2023-08-01T16:17:25 IST" time="16.155" errors="0">
  <testcase name="Script" time="16.155" classname="TestScript.TestScript_01"/>
  <system-out>
User clicked on Want To Read User Removed Books Sucessfully  </system-out>
</testsuite> <!-- TestScript.TestScript_01 -->
